<?xml version="1.0" encoding="UTF-8"?>
<!-- Generated by org.testng.reporters.JUnitReportReporter -->
<testsuite hostname="LAPTOP-0FGV9PVN" failures="1" tests="3" name="cucucmberOptions.TestRunner" time="27.615" errors="0" timestamp="2022-09-24T15:32:43 IST" skipped="0">
  <testcase classname="cucucmberOptions.TestRunner" name="runScenario" time="7.522">
    <failure message="expected [false] but found [true]" type="java.lang.AssertionError">
      <![CDATA[java.lang.AssertionError: expected [false] but found [true]
at org.testng.Assert.fail(Assert.java:110)
at org.testng.Assert.failNotEquals(Assert.java:1413)
at org.testng.Assert.assertEqualsImpl(Assert.java:149)
at org.testng.Assert.assertEquals(Assert.java:131)
at org.testng.Assert.assertEquals(Assert.java:976)
at org.testng.Assert.assertEquals(Assert.java:1010)
at stepDefinitions.LoginPageStep.user_is_logged_in(LoginPageStep.java:61)
at âœ½.user is logged in(file:///D:/AUTOMATION%20TESTING/DAILY%20NOTES%20SELENIUM/BDD%20framework%20notes/07MayCucumberFramework%20(1)/07MayCucumberFramework/src/test/java/featureLayer/LoginPage.feature:10)
]]>
    </failure>
  </testcase> <!-- runScenario -->
  <system-out/>
  <testcase classname="cucucmberOptions.TestRunner" name="runScenario" time="9.286"/>
  <system-out/>
  <testcase classname="cucucmberOptions.TestRunner" name="runScenario" time="10.807"/>
  <system-out/>
</testsuite> <!-- cucucmberOptions.TestRunner -->
